c:\users\patri\desktop\game\game\debug\vc141.pdb
c:\users\patri\desktop\game\game\debug\vc141.idb
c:\users\patri\desktop\game\game\debug\waveeffect.obj
c:\users\patri\desktop\game\game\debug\verticalblureffect.obj
c:\users\patri\desktop\game\game\debug\resourcemanager.obj
c:\users\patri\desktop\game\game\debug\playstate.obj
c:\users\patri\desktop\game\game\debug\player.obj
c:\users\patri\desktop\game\game\debug\particlemanager.obj
c:\users\patri\desktop\game\game\debug\particle.obj
c:\users\patri\desktop\game\game\debug\main.obj
c:\users\patri\desktop\game\game\debug\horizontalblureffect.obj
c:\users\patri\desktop\game\game\debug\game.obj
c:\users\patri\desktop\game\game\debug\bullet.obj
c:\users\patri\desktop\game\game\debug\bloomeffect.obj
c:\users\patri\desktop\game\game\debug\brightfiltereffect.obj
c:\users\patri\desktop\game\debug\game.exe
c:\users\patri\desktop\game\debug\game.ilk
c:\users\patri\desktop\game\debug\game.pdb
c:\users\patri\desktop\game\game\debug\game.tlog\cl.command.1.tlog
c:\users\patri\desktop\game\game\debug\game.tlog\cl.read.1.tlog
c:\users\patri\desktop\game\game\debug\game.tlog\cl.write.1.tlog
c:\users\patri\desktop\game\game\debug\game.tlog\link.command.1.tlog
c:\users\patri\desktop\game\game\debug\game.tlog\link.read.1.tlog
c:\users\patri\desktop\game\game\debug\game.tlog\link.write.1.tlog
